<?xml version="1.0" encoding="UTF-8"?>
<!-- Generated by org.testng.reporters.JUnitReportReporter -->
<testsuite hostname="DESKTOP-DGC57U0" failures="0" tests="5" name="tests.LoginPageTest" time="118.623" errors="0" timestamp="2025-04-22T22:41:51 IST" skipped="0">
  <testcase classname="tests.LoginPageTest" name="verifyForgotPasswordLink" time="17.638"/>
  <testcase classname="tests.LoginPageTest" name="verifyLoginWithInValidCredentials" time="30.065"/>
  <testcase classname="tests.LoginPageTest" name="verifyEmptyUsernamePassword" time="22.121"/>
  <testcase classname="tests.LoginPageTest" name="verifyLoginWithValidCredentials" time="20.785"/>
  <testcase classname="tests.LoginPageTest" name="verifyLogout" time="28.014"/>
</testsuite> <!-- tests.LoginPageTest -->
