<?xml version="1.0" encoding="UTF-8"?>
<testsuite xmlns:xsi="http://www.w3.org/2001/XMLSchema-instance" xsi:noNamespaceSchemaLocation="https://maven.apache.org/surefire/maven-surefire-plugin/xsd/surefire-test-report-3.0.xsd" version="3.0" name="TestSuite" time="130.808" tests="5" errors="0" skipped="0" failures="0">
  <properties>
    <property name="java.specification.version" value="17"/>
    <property name="webdriver.chrome.driver" value="C:\Users\DELL\.cache\selenium\chromedriver\win64\135.0.7049.95\chromedriver.exe"/>
    <property name="sun.cpu.isalist" value="amd64"/>
    <property name="sun.jnu.encoding" value="Cp1252"/>
    <property name="java.class.path" value="F:\SDET\OrangeHRM\orangehrm-automation\target\test-classes;F:\SDET\OrangeHRM\orangehrm-automation\target\classes;C:\Users\DELL\.m2\repository\org\seleniumhq\selenium\selenium-java\4.31.0\selenium-java-4.31.0.jar;C:\Users\DELL\.m2\repository\org\seleniumhq\selenium\selenium-api\4.31.0\selenium-api-4.31.0.jar;C:\Users\DELL\.m2\repository\org\jspecify\jspecify\1.0.0\jspecify-1.0.0.jar;C:\Users\DELL\.m2\repository\org\seleniumhq\selenium\selenium-chrome-driver\4.31.0\selenium-chrome-driver-4.31.0.jar;C:\Users\DELL\.m2\repository\com\google\auto\service\auto-service-annotations\1.1.1\auto-service-annotations-1.1.1.jar;C:\Users\DELL\.m2\repository\org\seleniumhq\selenium\selenium-chromium-driver\4.31.0\selenium-chromium-driver-4.31.0.jar;C:\Users\DELL\.m2\repository\org\seleniumhq\selenium\selenium-json\4.31.0\selenium-json-4.31.0.jar;C:\Users\DELL\.m2\repository\org\seleniumhq\selenium\selenium-manager\4.31.0\selenium-manager-4.31.0.jar;C:\Users\DELL\.m2\repository\org\seleniumhq\selenium\selenium-devtools-v133\4.31.0\selenium-devtools-v133-4.31.0.jar;C:\Users\DELL\.m2\repository\org\seleniumhq\selenium\selenium-devtools-v134\4.31.0\selenium-devtools-v134-4.31.0.jar;C:\Users\DELL\.m2\repository\org\seleniumhq\selenium\selenium-devtools-v135\4.31.0\selenium-devtools-v135-4.31.0.jar;C:\Users\DELL\.m2\repository\org\seleniumhq\selenium\selenium-edge-driver\4.31.0\selenium-edge-driver-4.31.0.jar;C:\Users\DELL\.m2\repository\org\seleniumhq\selenium\selenium-firefox-driver\4.31.0\selenium-firefox-driver-4.31.0.jar;C:\Users\DELL\.m2\repository\org\seleniumhq\selenium\selenium-http\4.31.0\selenium-http-4.31.0.jar;C:\Users\DELL\.m2\repository\org\seleniumhq\selenium\selenium-ie-driver\4.31.0\selenium-ie-driver-4.31.0.jar;C:\Users\DELL\.m2\repository\org\seleniumhq\selenium\selenium-remote-driver\4.31.0\selenium-remote-driver-4.31.0.jar;C:\Users\DELL\.m2\repository\com\google\guava\guava\33.4.6-jre\guava-33.4.6-jre.jar;C:\Users\DELL\.m2\repository\com\google\guava\failureaccess\1.0.3\failureaccess-1.0.3.jar;C:\Users\DELL\.m2\repository\com\google\guava\listenablefuture\9999.0-empty-to-avoid-conflict-with-guava\listenablefuture-9999.0-empty-to-avoid-conflict-with-guava.jar;C:\Users\DELL\.m2\repository\com\google\j2objc\j2objc-annotations\3.0.0\j2objc-annotations-3.0.0.jar;C:\Users\DELL\.m2\repository\io\opentelemetry\opentelemetry-api\1.48.0\opentelemetry-api-1.48.0.jar;C:\Users\DELL\.m2\repository\io\opentelemetry\opentelemetry-context\1.48.0\opentelemetry-context-1.48.0.jar;C:\Users\DELL\.m2\repository\io\opentelemetry\opentelemetry-exporter-logging\1.48.0\opentelemetry-exporter-logging-1.48.0.jar;C:\Users\DELL\.m2\repository\io\opentelemetry\opentelemetry-sdk-common\1.48.0\opentelemetry-sdk-common-1.48.0.jar;C:\Users\DELL\.m2\repository\io\opentelemetry\opentelemetry-sdk-extension-autoconfigure-spi\1.48.0\opentelemetry-sdk-extension-autoconfigure-spi-1.48.0.jar;C:\Users\DELL\.m2\repository\io\opentelemetry\opentelemetry-sdk-extension-autoconfigure\1.48.0\opentelemetry-sdk-extension-autoconfigure-1.48.0.jar;C:\Users\DELL\.m2\repository\io\opentelemetry\opentelemetry-sdk-trace\1.48.0\opentelemetry-sdk-trace-1.48.0.jar;C:\Users\DELL\.m2\repository\io\opentelemetry\opentelemetry-sdk\1.48.0\opentelemetry-sdk-1.48.0.jar;C:\Users\DELL\.m2\repository\io\opentelemetry\opentelemetry-sdk-metrics\1.48.0\opentelemetry-sdk-metrics-1.48.0.jar;C:\Users\DELL\.m2\repository\io\opentelemetry\opentelemetry-sdk-logs\1.48.0\opentelemetry-sdk-logs-1.48.0.jar;C:\Users\DELL\.m2\repository\net\bytebuddy\byte-buddy\1.17.5\byte-buddy-1.17.5.jar;C:\Users\DELL\.m2\repository\org\seleniumhq\selenium\selenium-os\4.31.0\selenium-os-4.31.0.jar;C:\Users\DELL\.m2\repository\org\apache\commons\commons-exec\1.4.0\commons-exec-1.4.0.jar;C:\Users\DELL\.m2\repository\org\seleniumhq\selenium\selenium-safari-driver\4.31.0\selenium-safari-driver-4.31.0.jar;C:\Users\DELL\.m2\repository\org\seleniumhq\selenium\selenium-support\4.31.0\selenium-support-4.31.0.jar;C:\Users\DELL\.m2\repository\org\testng\testng\7.11.0\testng-7.11.0.jar;C:\Users\DELL\.m2\repository\org\slf4j\slf4j-api\2.0.16\slf4j-api-2.0.16.jar;C:\Users\DELL\.m2\repository\org\jcommander\jcommander\1.83\jcommander-1.83.jar;C:\Users\DELL\.m2\repository\org\webjars\jquery\3.7.1\jquery-3.7.1.jar;C:\Users\DELL\.m2\repository\io\github\bonigarcia\webdrivermanager\6.0.1\webdrivermanager-6.0.1.jar;C:\Users\DELL\.m2\repository\com\google\code\gson\gson\2.12.1\gson-2.12.1.jar;C:\Users\DELL\.m2\repository\com\google\errorprone\error_prone_annotations\2.36.0\error_prone_annotations-2.36.0.jar;C:\Users\DELL\.m2\repository\com\github\docker-java\docker-java\3.5.0\docker-java-3.5.0.jar;C:\Users\DELL\.m2\repository\com\github\docker-java\docker-java-core\3.5.0\docker-java-core-3.5.0.jar;C:\Users\DELL\.m2\repository\com\github\docker-java\docker-java-api\3.5.0\docker-java-api-3.5.0.jar;C:\Users\DELL\.m2\repository\org\slf4j\jcl-over-slf4j\1.7.30\jcl-over-slf4j-1.7.30.jar;C:\Users\DELL\.m2\repository\com\github\docker-java\docker-java-transport-httpclient5\3.5.0\docker-java-transport-httpclient5-3.5.0.jar;C:\Users\DELL\.m2\repository\com\github\docker-java\docker-java-transport\3.5.0\docker-java-transport-3.5.0.jar;C:\Users\DELL\.m2\repository\net\java\dev\jna\jna\5.17.0\jna-5.17.0.jar;C:\Users\DELL\.m2\repository\org\brotli\dec\0.1.2\dec-0.1.2.jar;C:\Users\DELL\.m2\repository\org\apache\commons\commons-lang3\3.17.0\commons-lang3-3.17.0.jar;C:\Users\DELL\.m2\repository\org\apache\commons\commons-compress\1.27.1\commons-compress-1.27.1.jar;C:\Users\DELL\.m2\repository\commons-codec\commons-codec\1.17.1\commons-codec-1.17.1.jar;C:\Users\DELL\.m2\repository\org\apache\httpcomponents\client5\httpclient5\5.4.3\httpclient5-5.4.3.jar;C:\Users\DELL\.m2\repository\org\apache\httpcomponents\core5\httpcore5\5.3.4\httpcore5-5.3.4.jar;C:\Users\DELL\.m2\repository\org\apache\httpcomponents\core5\httpcore5-h2\5.3.4\httpcore5-h2-5.3.4.jar;C:\Users\DELL\.m2\repository\org\apache\poi\poi-ooxml\5.4.1\poi-ooxml-5.4.1.jar;C:\Users\DELL\.m2\repository\org\apache\poi\poi\5.4.1\poi-5.4.1.jar;C:\Users\DELL\.m2\repository\org\apache\commons\commons-math3\3.6.1\commons-math3-3.6.1.jar;C:\Users\DELL\.m2\repository\com\zaxxer\SparseBitSet\1.3\SparseBitSet-1.3.jar;C:\Users\DELL\.m2\repository\org\apache\poi\poi-ooxml-lite\5.4.1\poi-ooxml-lite-5.4.1.jar;C:\Users\DELL\.m2\repository\org\apache\xmlbeans\xmlbeans\5.3.0\xmlbeans-5.3.0.jar;C:\Users\DELL\.m2\repository\commons-io\commons-io\2.18.0\commons-io-2.18.0.jar;C:\Users\DELL\.m2\repository\com\github\virtuald\curvesapi\1.08\curvesapi-1.08.jar;C:\Users\DELL\.m2\repository\org\apache\commons\commons-collections4\4.4\commons-collections4-4.4.jar;C:\Users\DELL\.m2\repository\org\apache\logging\log4j\log4j-core\2.24.3\log4j-core-2.24.3.jar;C:\Users\DELL\.m2\repository\org\apache\logging\log4j\log4j-api\2.24.3\log4j-api-2.24.3.jar;C:\Users\DELL\.m2\repository\org\apache\logging\log4j\log4j-slf4j2-impl\2.24.3\log4j-slf4j2-impl-2.24.3.jar;C:\Users\DELL\.m2\repository\com\aventstack\chaintest-testng\1.0.12\chaintest-testng-1.0.12.jar;C:\Users\DELL\.m2\repository\com\aventstack\chaintest-core\1.0.12\chaintest-core-1.0.12.jar;C:\Users\DELL\.m2\repository\com\fasterxml\jackson\core\jackson-databind\2.18.0\jackson-databind-2.18.0.jar;C:\Users\DELL\.m2\repository\com\fasterxml\jackson\core\jackson-annotations\2.18.0\jackson-annotations-2.18.0.jar;C:\Users\DELL\.m2\repository\com\fasterxml\jackson\core\jackson-core\2.18.0\jackson-core-2.18.0.jar;C:\Users\DELL\.m2\repository\org\yaml\snakeyaml\2.3\snakeyaml-2.3.jar;C:\Users\DELL\.m2\repository\org\freemarker\freemarker\2.3.33\freemarker-2.3.33.jar;C:\Users\DELL\.m2\repository\com\azure\azure-storage-blob\12.28.0\azure-storage-blob-12.28.0.jar;C:\Users\DELL\.m2\repository\com\azure\azure-core\1.52.0\azure-core-1.52.0.jar;C:\Users\DELL\.m2\repository\com\fasterxml\jackson\datatype\jackson-datatype-jsr310\2.17.2\jackson-datatype-jsr310-2.17.2.jar;C:\Users\DELL\.m2\repository\io\projectreactor\reactor-core\3.4.38\reactor-core-3.4.38.jar;C:\Users\DELL\.m2\repository\com\azure\azure-core-http-netty\1.15.4\azure-core-http-netty-1.15.4.jar;C:\Users\DELL\.m2\repository\io\netty\netty-handler\4.1.110.Final\netty-handler-4.1.110.Final.jar;C:\Users\DELL\.m2\repository\io\netty\netty-handler-proxy\4.1.110.Final\netty-handler-proxy-4.1.110.Final.jar;C:\Users\DELL\.m2\repository\io\netty\netty-codec-socks\4.1.110.Final\netty-codec-socks-4.1.110.Final.jar;C:\Users\DELL\.m2\repository\io\netty\netty-buffer\4.1.110.Final\netty-buffer-4.1.110.Final.jar;C:\Users\DELL\.m2\repository\io\netty\netty-codec\4.1.110.Final\netty-codec-4.1.110.Final.jar;C:\Users\DELL\.m2\repository\io\netty\netty-codec-http\4.1.110.Final\netty-codec-http-4.1.110.Final.jar;C:\Users\DELL\.m2\repository\io\netty\netty-codec-http2\4.1.110.Final\netty-codec-http2-4.1.110.Final.jar;C:\Users\DELL\.m2\repository\io\netty\netty-transport-native-unix-common\4.1.110.Final\netty-transport-native-unix-common-4.1.110.Final.jar;C:\Users\DELL\.m2\repository\io\netty\netty-transport-native-epoll\4.1.110.Final\netty-transport-native-epoll-4.1.110.Final-linux-x86_64.jar;C:\Users\DELL\.m2\repository\io\netty\netty-transport-native-kqueue\4.1.110.Final\netty-transport-native-kqueue-4.1.110.Final-osx-x86_64.jar;C:\Users\DELL\.m2\repository\io\netty\netty-transport-classes-kqueue\4.1.110.Final\netty-transport-classes-kqueue-4.1.110.Final.jar;C:\Users\DELL\.m2\repository\io\netty\netty-tcnative-boringssl-static\2.0.65.Final\netty-tcnative-boringssl-static-2.0.65.Final.jar;C:\Users\DELL\.m2\repository\io\netty\netty-tcnative-classes\2.0.65.Final\netty-tcnative-classes-2.0.65.Final.jar;C:\Users\DELL\.m2\repository\io\netty\netty-tcnative-boringssl-static\2.0.65.Final\netty-tcnative-boringssl-static-2.0.65.Final-linux-x86_64.jar;C:\Users\DELL\.m2\repository\io\netty\netty-tcnative-boringssl-static\2.0.65.Final\netty-tcnative-boringssl-static-2.0.65.Final-linux-aarch_64.jar;C:\Users\DELL\.m2\repository\io\netty\netty-tcnative-boringssl-static\2.0.65.Final\netty-tcnative-boringssl-static-2.0.65.Final-osx-x86_64.jar;C:\Users\DELL\.m2\repository\io\netty\netty-tcnative-boringssl-static\2.0.65.Final\netty-tcnative-boringssl-static-2.0.65.Final-osx-aarch_64.jar;C:\Users\DELL\.m2\repository\io\netty\netty-tcnative-boringssl-static\2.0.65.Final\netty-tcnative-boringssl-static-2.0.65.Final-windows-x86_64.jar;C:\Users\DELL\.m2\repository\io\projectreactor\netty\reactor-netty-http\1.0.45\reactor-netty-http-1.0.45.jar;C:\Users\DELL\.m2\repository\io\netty\netty-resolver-dns\4.1.109.Final\netty-resolver-dns-4.1.109.Final.jar;C:\Users\DELL\.m2\repository\io\netty\netty-codec-dns\4.1.109.Final\netty-codec-dns-4.1.109.Final.jar;C:\Users\DELL\.m2\repository\io\netty\netty-resolver-dns-native-macos\4.1.109.Final\netty-resolver-dns-native-macos-4.1.109.Final-osx-x86_64.jar;C:\Users\DELL\.m2\repository\io\netty\netty-resolver-dns-classes-macos\4.1.109.Final\netty-resolver-dns-classes-macos-4.1.109.Final.jar;C:\Users\DELL\.m2\repository\io\projectreactor\netty\reactor-netty-core\1.0.45\reactor-netty-core-1.0.45.jar;C:\Users\DELL\.m2\repository\io\netty\netty-common\4.1.110.Final\netty-common-4.1.110.Final.jar;C:\Users\DELL\.m2\repository\com\azure\azure-storage-internal-avro\12.13.0\azure-storage-internal-avro-12.13.0.jar;C:\Users\DELL\.m2\repository\com\azure\azure-xml\1.1.0\azure-xml-1.1.0.jar;C:\Users\DELL\.m2\repository\com\azure\azure-storage-common\12.28.0\azure-storage-common-12.28.0.jar;C:\Users\DELL\.m2\repository\com\azure\azure-identity\1.13.3\azure-identity-1.13.3.jar;C:\Users\DELL\.m2\repository\com\azure\azure-json\1.3.0\azure-json-1.3.0.jar;C:\Users\DELL\.m2\repository\com\microsoft\azure\msal4j\1.17.1\msal4j-1.17.1.jar;C:\Users\DELL\.m2\repository\com\nimbusds\oauth2-oidc-sdk\11.18\oauth2-oidc-sdk-11.18.jar;C:\Users\DELL\.m2\repository\com\github\stephenc\jcip\jcip-annotations\1.0-1\jcip-annotations-1.0-1.jar;C:\Users\DELL\.m2\repository\com\nimbusds\content-type\2.3\content-type-2.3.jar;C:\Users\DELL\.m2\repository\com\nimbusds\lang-tag\1.7\lang-tag-1.7.jar;C:\Users\DELL\.m2\repository\com\nimbusds\nimbus-jose-jwt\9.40\nimbus-jose-jwt-9.40.jar;C:\Users\DELL\.m2\repository\net\minidev\json-smart\2.5.0\json-smart-2.5.0.jar;C:\Users\DELL\.m2\repository\net\minidev\accessors-smart\2.5.0\accessors-smart-2.5.0.jar;C:\Users\DELL\.m2\repository\org\ow2\asm\asm\9.3\asm-9.3.jar;C:\Users\DELL\.m2\repository\com\microsoft\azure\msal4j-persistence-extension\1.3.0\msal4j-persistence-extension-1.3.0.jar;C:\Users\DELL\.m2\repository\net\java\dev\jna\jna-platform\5.6.0\jna-platform-5.6.0.jar;C:\Users\DELL\.m2\repository\software\amazon\awssdk\s3\2.29.39\s3-2.29.39.jar;C:\Users\DELL\.m2\repository\software\amazon\awssdk\aws-xml-protocol\2.29.39\aws-xml-protocol-2.29.39.jar;C:\Users\DELL\.m2\repository\software\amazon\awssdk\aws-query-protocol\2.29.39\aws-query-protocol-2.29.39.jar;C:\Users\DELL\.m2\repository\software\amazon\awssdk\protocol-core\2.29.39\protocol-core-2.29.39.jar;C:\Users\DELL\.m2\repository\software\amazon\awssdk\arns\2.29.39\arns-2.29.39.jar;C:\Users\DELL\.m2\repository\software\amazon\awssdk\profiles\2.29.39\profiles-2.29.39.jar;C:\Users\DELL\.m2\repository\software\amazon\awssdk\crt-core\2.29.39\crt-core-2.29.39.jar;C:\Users\DELL\.m2\repository\software\amazon\awssdk\http-auth\2.29.39\http-auth-2.29.39.jar;C:\Users\DELL\.m2\repository\software\amazon\awssdk\identity-spi\2.29.39\identity-spi-2.29.39.jar;C:\Users\DELL\.m2\repository\software\amazon\awssdk\http-auth-spi\2.29.39\http-auth-spi-2.29.39.jar;C:\Users\DELL\.m2\repository\org\reactivestreams\reactive-streams\1.0.4\reactive-streams-1.0.4.jar;C:\Users\DELL\.m2\repository\software\amazon\awssdk\http-auth-aws\2.29.39\http-auth-aws-2.29.39.jar;C:\Users\DELL\.m2\repository\software\amazon\awssdk\checksums\2.29.39\checksums-2.29.39.jar;C:\Users\DELL\.m2\repository\software\amazon\awssdk\checksums-spi\2.29.39\checksums-spi-2.29.39.jar;C:\Users\DELL\.m2\repository\software\amazon\awssdk\retries-spi\2.29.39\retries-spi-2.29.39.jar;C:\Users\DELL\.m2\repository\software\amazon\awssdk\sdk-core\2.29.39\sdk-core-2.29.39.jar;C:\Users\DELL\.m2\repository\software\amazon\awssdk\retries\2.29.39\retries-2.29.39.jar;C:\Users\DELL\.m2\repository\software\amazon\awssdk\auth\2.29.39\auth-2.29.39.jar;C:\Users\DELL\.m2\repository\software\amazon\awssdk\http-auth-aws-eventstream\2.29.39\http-auth-aws-eventstream-2.29.39.jar;C:\Users\DELL\.m2\repository\software\amazon\eventstream\eventstream\1.0.1\eventstream-1.0.1.jar;C:\Users\DELL\.m2\repository\software\amazon\awssdk\http-client-spi\2.29.39\http-client-spi-2.29.39.jar;C:\Users\DELL\.m2\repository\software\amazon\awssdk\regions\2.29.39\regions-2.29.39.jar;C:\Users\DELL\.m2\repository\software\amazon\awssdk\annotations\2.29.39\annotations-2.29.39.jar;C:\Users\DELL\.m2\repository\software\amazon\awssdk\utils\2.29.39\utils-2.29.39.jar;C:\Users\DELL\.m2\repository\software\amazon\awssdk\aws-core\2.29.39\aws-core-2.29.39.jar;C:\Users\DELL\.m2\repository\software\amazon\awssdk\metrics-spi\2.29.39\metrics-spi-2.29.39.jar;C:\Users\DELL\.m2\repository\software\amazon\awssdk\json-utils\2.29.39\json-utils-2.29.39.jar;C:\Users\DELL\.m2\repository\software\amazon\awssdk\third-party-jackson-core\2.29.39\third-party-jackson-core-2.29.39.jar;C:\Users\DELL\.m2\repository\software\amazon\awssdk\endpoints-spi\2.29.39\endpoints-spi-2.29.39.jar;C:\Users\DELL\.m2\repository\software\amazon\awssdk\netty-nio-client\2.29.39\netty-nio-client-2.29.39.jar;C:\Users\DELL\.m2\repository\io\netty\netty-transport\4.1.115.Final\netty-transport-4.1.115.Final.jar;C:\Users\DELL\.m2\repository\io\netty\netty-transport-classes-epoll\4.1.115.Final\netty-transport-classes-epoll-4.1.115.Final.jar;C:\Users\DELL\.m2\repository\io\netty\netty-resolver\4.1.115.Final\netty-resolver-4.1.115.Final.jar;C:\Users\DELL\.m2\repository\software\amazon\awssdk\apache-client\2.29.39\apache-client-2.29.39.jar;C:\Users\DELL\.m2\repository\org\apache\httpcomponents\httpclient\4.5.13\httpclient-4.5.13.jar;C:\Users\DELL\.m2\repository\commons-logging\commons-logging\1.2\commons-logging-1.2.jar;C:\Users\DELL\.m2\repository\org\apache\httpcomponents\httpcore\4.4.16\httpcore-4.4.16.jar;"/>
    <property name="java.vm.vendor" value="Oracle Corporation"/>
    <property name="sun.arch.data.model" value="64"/>
    <property name="user.variant" value=""/>
    <property name="java.vendor.url" value="https://java.oracle.com/"/>
    <property name="user.timezone" value="Asia/Calcutta"/>
    <property name="os.name" value="Windows 11"/>
    <property name="java.vm.specification.version" value="17"/>
    <property name="sun.java.launcher" value="SUN_STANDARD"/>
    <property name="user.country" value="IN"/>
    <property name="sun.boot.library.path" value="C:\Program Files\Java\jdk-17\bin"/>
    <property name="sun.java.command" value="C:\Users\DELL\AppData\Local\Temp\surefire8084796505210834211\surefirebooter-20250422223940393_3.jar C:\Users\DELL\AppData\Local\Temp\surefire8084796505210834211 2025-04-22T22-39-40_088-jvmRun1 surefire-20250422223940393_1tmp surefire_0-20250422223940393_2tmp"/>
    <property name="jdk.debug" value="release"/>
    <property name="surefire.test.class.path" value="F:\SDET\OrangeHRM\orangehrm-automation\target\test-classes;F:\SDET\OrangeHRM\orangehrm-automation\target\classes;C:\Users\DELL\.m2\repository\org\seleniumhq\selenium\selenium-java\4.31.0\selenium-java-4.31.0.jar;C:\Users\DELL\.m2\repository\org\seleniumhq\selenium\selenium-api\4.31.0\selenium-api-4.31.0.jar;C:\Users\DELL\.m2\repository\org\jspecify\jspecify\1.0.0\jspecify-1.0.0.jar;C:\Users\DELL\.m2\repository\org\seleniumhq\selenium\selenium-chrome-driver\4.31.0\selenium-chrome-driver-4.31.0.jar;C:\Users\DELL\.m2\repository\com\google\auto\service\auto-service-annotations\1.1.1\auto-service-annotations-1.1.1.jar;C:\Users\DELL\.m2\repository\org\seleniumhq\selenium\selenium-chromium-driver\4.31.0\selenium-chromium-driver-4.31.0.jar;C:\Users\DELL\.m2\repository\org\seleniumhq\selenium\selenium-json\4.31.0\selenium-json-4.31.0.jar;C:\Users\DELL\.m2\repository\org\seleniumhq\selenium\selenium-manager\4.31.0\selenium-manager-4.31.0.jar;C:\Users\DELL\.m2\repository\org\seleniumhq\selenium\selenium-devtools-v133\4.31.0\selenium-devtools-v133-4.31.0.jar;C:\Users\DELL\.m2\repository\org\seleniumhq\selenium\selenium-devtools-v134\4.31.0\selenium-devtools-v134-4.31.0.jar;C:\Users\DELL\.m2\repository\org\seleniumhq\selenium\selenium-devtools-v135\4.31.0\selenium-devtools-v135-4.31.0.jar;C:\Users\DELL\.m2\repository\org\seleniumhq\selenium\selenium-edge-driver\4.31.0\selenium-edge-driver-4.31.0.jar;C:\Users\DELL\.m2\repository\org\seleniumhq\selenium\selenium-firefox-driver\4.31.0\selenium-firefox-driver-4.31.0.jar;C:\Users\DELL\.m2\repository\org\seleniumhq\selenium\selenium-http\4.31.0\selenium-http-4.31.0.jar;C:\Users\DELL\.m2\repository\org\seleniumhq\selenium\selenium-ie-driver\4.31.0\selenium-ie-driver-4.31.0.jar;C:\Users\DELL\.m2\repository\org\seleniumhq\selenium\selenium-remote-driver\4.31.0\selenium-remote-driver-4.31.0.jar;C:\Users\DELL\.m2\repository\com\google\guava\guava\33.4.6-jre\guava-33.4.6-jre.jar;C:\Users\DELL\.m2\repository\com\google\guava\failureaccess\1.0.3\failureaccess-1.0.3.jar;C:\Users\DELL\.m2\repository\com\google\guava\listenablefuture\9999.0-empty-to-avoid-conflict-with-guava\listenablefuture-9999.0-empty-to-avoid-conflict-with-guava.jar;C:\Users\DELL\.m2\repository\com\google\j2objc\j2objc-annotations\3.0.0\j2objc-annotations-3.0.0.jar;C:\Users\DELL\.m2\repository\io\opentelemetry\opentelemetry-api\1.48.0\opentelemetry-api-1.48.0.jar;C:\Users\DELL\.m2\repository\io\opentelemetry\opentelemetry-context\1.48.0\opentelemetry-context-1.48.0.jar;C:\Users\DELL\.m2\repository\io\opentelemetry\opentelemetry-exporter-logging\1.48.0\opentelemetry-exporter-logging-1.48.0.jar;C:\Users\DELL\.m2\repository\io\opentelemetry\opentelemetry-sdk-common\1.48.0\opentelemetry-sdk-common-1.48.0.jar;C:\Users\DELL\.m2\repository\io\opentelemetry\opentelemetry-sdk-extension-autoconfigure-spi\1.48.0\opentelemetry-sdk-extension-autoconfigure-spi-1.48.0.jar;C:\Users\DELL\.m2\repository\io\opentelemetry\opentelemetry-sdk-extension-autoconfigure\1.48.0\opentelemetry-sdk-extension-autoconfigure-1.48.0.jar;C:\Users\DELL\.m2\repository\io\opentelemetry\opentelemetry-sdk-trace\1.48.0\opentelemetry-sdk-trace-1.48.0.jar;C:\Users\DELL\.m2\repository\io\opentelemetry\opentelemetry-sdk\1.48.0\opentelemetry-sdk-1.48.0.jar;C:\Users\DELL\.m2\repository\io\opentelemetry\opentelemetry-sdk-metrics\1.48.0\opentelemetry-sdk-metrics-1.48.0.jar;C:\Users\DELL\.m2\repository\io\opentelemetry\opentelemetry-sdk-logs\1.48.0\opentelemetry-sdk-logs-1.48.0.jar;C:\Users\DELL\.m2\repository\net\bytebuddy\byte-buddy\1.17.5\byte-buddy-1.17.5.jar;C:\Users\DELL\.m2\repository\org\seleniumhq\selenium\selenium-os\4.31.0\selenium-os-4.31.0.jar;C:\Users\DELL\.m2\repository\org\apache\commons\commons-exec\1.4.0\commons-exec-1.4.0.jar;C:\Users\DELL\.m2\repository\org\seleniumhq\selenium\selenium-safari-driver\4.31.0\selenium-safari-driver-4.31.0.jar;C:\Users\DELL\.m2\repository\org\seleniumhq\selenium\selenium-support\4.31.0\selenium-support-4.31.0.jar;C:\Users\DELL\.m2\repository\org\testng\testng\7.11.0\testng-7.11.0.jar;C:\Users\DELL\.m2\repository\org\slf4j\slf4j-api\2.0.16\slf4j-api-2.0.16.jar;C:\Users\DELL\.m2\repository\org\jcommander\jcommander\1.83\jcommander-1.83.jar;C:\Users\DELL\.m2\repository\org\webjars\jquery\3.7.1\jquery-3.7.1.jar;C:\Users\DELL\.m2\repository\io\github\bonigarcia\webdrivermanager\6.0.1\webdrivermanager-6.0.1.jar;C:\Users\DELL\.m2\repository\com\google\code\gson\gson\2.12.1\gson-2.12.1.jar;C:\Users\DELL\.m2\repository\com\google\errorprone\error_prone_annotations\2.36.0\error_prone_annotations-2.36.0.jar;C:\Users\DELL\.m2\repository\com\github\docker-java\docker-java\3.5.0\docker-java-3.5.0.jar;C:\Users\DELL\.m2\repository\com\github\docker-java\docker-java-core\3.5.0\docker-java-core-3.5.0.jar;C:\Users\DELL\.m2\repository\com\github\docker-java\docker-java-api\3.5.0\docker-java-api-3.5.0.jar;C:\Users\DELL\.m2\repository\org\slf4j\jcl-over-slf4j\1.7.30\jcl-over-slf4j-1.7.30.jar;C:\Users\DELL\.m2\repository\com\github\docker-java\docker-java-transport-httpclient5\3.5.0\docker-java-transport-httpclient5-3.5.0.jar;C:\Users\DELL\.m2\repository\com\github\docker-java\docker-java-transport\3.5.0\docker-java-transport-3.5.0.jar;C:\Users\DELL\.m2\repository\net\java\dev\jna\jna\5.17.0\jna-5.17.0.jar;C:\Users\DELL\.m2\repository\org\brotli\dec\0.1.2\dec-0.1.2.jar;C:\Users\DELL\.m2\repository\org\apache\commons\commons-lang3\3.17.0\commons-lang3-3.17.0.jar;C:\Users\DELL\.m2\repository\org\apache\commons\commons-compress\1.27.1\commons-compress-1.27.1.jar;C:\Users\DELL\.m2\repository\commons-codec\commons-codec\1.17.1\commons-codec-1.17.1.jar;C:\Users\DELL\.m2\repository\org\apache\httpcomponents\client5\httpclient5\5.4.3\httpclient5-5.4.3.jar;C:\Users\DELL\.m2\repository\org\apache\httpcomponents\core5\httpcore5\5.3.4\httpcore5-5.3.4.jar;C:\Users\DELL\.m2\repository\org\apache\httpcomponents\core5\httpcore5-h2\5.3.4\httpcore5-h2-5.3.4.jar;C:\Users\DELL\.m2\repository\org\apache\poi\poi-ooxml\5.4.1\poi-ooxml-5.4.1.jar;C:\Users\DELL\.m2\repository\org\apache\poi\poi\5.4.1\poi-5.4.1.jar;C:\Users\DELL\.m2\repository\org\apache\commons\commons-math3\3.6.1\commons-math3-3.6.1.jar;C:\Users\DELL\.m2\repository\com\zaxxer\SparseBitSet\1.3\SparseBitSet-1.3.jar;C:\Users\DELL\.m2\repository\org\apache\poi\poi-ooxml-lite\5.4.1\poi-ooxml-lite-5.4.1.jar;C:\Users\DELL\.m2\repository\org\apache\xmlbeans\xmlbeans\5.3.0\xmlbeans-5.3.0.jar;C:\Users\DELL\.m2\repository\commons-io\commons-io\2.18.0\commons-io-2.18.0.jar;C:\Users\DELL\.m2\repository\com\github\virtuald\curvesapi\1.08\curvesapi-1.08.jar;C:\Users\DELL\.m2\repository\org\apache\commons\commons-collections4\4.4\commons-collections4-4.4.jar;C:\Users\DELL\.m2\repository\org\apache\logging\log4j\log4j-core\2.24.3\log4j-core-2.24.3.jar;C:\Users\DELL\.m2\repository\org\apache\logging\log4j\log4j-api\2.24.3\log4j-api-2.24.3.jar;C:\Users\DELL\.m2\repository\org\apache\logging\log4j\log4j-slf4j2-impl\2.24.3\log4j-slf4j2-impl-2.24.3.jar;C:\Users\DELL\.m2\repository\com\aventstack\chaintest-testng\1.0.12\chaintest-testng-1.0.12.jar;C:\Users\DELL\.m2\repository\com\aventstack\chaintest-core\1.0.12\chaintest-core-1.0.12.jar;C:\Users\DELL\.m2\repository\com\fasterxml\jackson\core\jackson-databind\2.18.0\jackson-databind-2.18.0.jar;C:\Users\DELL\.m2\repository\com\fasterxml\jackson\core\jackson-annotations\2.18.0\jackson-annotations-2.18.0.jar;C:\Users\DELL\.m2\repository\com\fasterxml\jackson\core\jackson-core\2.18.0\jackson-core-2.18.0.jar;C:\Users\DELL\.m2\repository\org\yaml\snakeyaml\2.3\snakeyaml-2.3.jar;C:\Users\DELL\.m2\repository\org\freemarker\freemarker\2.3.33\freemarker-2.3.33.jar;C:\Users\DELL\.m2\repository\com\azure\azure-storage-blob\12.28.0\azure-storage-blob-12.28.0.jar;C:\Users\DELL\.m2\repository\com\azure\azure-core\1.52.0\azure-core-1.52.0.jar;C:\Users\DELL\.m2\repository\com\fasterxml\jackson\datatype\jackson-datatype-jsr310\2.17.2\jackson-datatype-jsr310-2.17.2.jar;C:\Users\DELL\.m2\repository\io\projectreactor\reactor-core\3.4.38\reactor-core-3.4.38.jar;C:\Users\DELL\.m2\repository\com\azure\azure-core-http-netty\1.15.4\azure-core-http-netty-1.15.4.jar;C:\Users\DELL\.m2\repository\io\netty\netty-handler\4.1.110.Final\netty-handler-4.1.110.Final.jar;C:\Users\DELL\.m2\repository\io\netty\netty-handler-proxy\4.1.110.Final\netty-handler-proxy-4.1.110.Final.jar;C:\Users\DELL\.m2\repository\io\netty\netty-codec-socks\4.1.110.Final\netty-codec-socks-4.1.110.Final.jar;C:\Users\DELL\.m2\repository\io\netty\netty-buffer\4.1.110.Final\netty-buffer-4.1.110.Final.jar;C:\Users\DELL\.m2\repository\io\netty\netty-codec\4.1.110.Final\netty-codec-4.1.110.Final.jar;C:\Users\DELL\.m2\repository\io\netty\netty-codec-http\4.1.110.Final\netty-codec-http-4.1.110.Final.jar;C:\Users\DELL\.m2\repository\io\netty\netty-codec-http2\4.1.110.Final\netty-codec-http2-4.1.110.Final.jar;C:\Users\DELL\.m2\repository\io\netty\netty-transport-native-unix-common\4.1.110.Final\netty-transport-native-unix-common-4.1.110.Final.jar;C:\Users\DELL\.m2\repository\io\netty\netty-transport-native-epoll\4.1.110.Final\netty-transport-native-epoll-4.1.110.Final-linux-x86_64.jar;C:\Users\DELL\.m2\repository\io\netty\netty-transport-native-kqueue\4.1.110.Final\netty-transport-native-kqueue-4.1.110.Final-osx-x86_64.jar;C:\Users\DELL\.m2\repository\io\netty\netty-transport-classes-kqueue\4.1.110.Final\netty-transport-classes-kqueue-4.1.110.Final.jar;C:\Users\DELL\.m2\repository\io\netty\netty-tcnative-boringssl-static\2.0.65.Final\netty-tcnative-boringssl-static-2.0.65.Final.jar;C:\Users\DELL\.m2\repository\io\netty\netty-tcnative-classes\2.0.65.Final\netty-tcnative-classes-2.0.65.Final.jar;C:\Users\DELL\.m2\repository\io\netty\netty-tcnative-boringssl-static\2.0.65.Final\netty-tcnative-boringssl-static-2.0.65.Final-linux-x86_64.jar;C:\Users\DELL\.m2\repository\io\netty\netty-tcnative-boringssl-static\2.0.65.Final\netty-tcnative-boringssl-static-2.0.65.Final-linux-aarch_64.jar;C:\Users\DELL\.m2\repository\io\netty\netty-tcnative-boringssl-static\2.0.65.Final\netty-tcnative-boringssl-static-2.0.65.Final-osx-x86_64.jar;C:\Users\DELL\.m2\repository\io\netty\netty-tcnative-boringssl-static\2.0.65.Final\netty-tcnative-boringssl-static-2.0.65.Final-osx-aarch_64.jar;C:\Users\DELL\.m2\repository\io\netty\netty-tcnative-boringssl-static\2.0.65.Final\netty-tcnative-boringssl-static-2.0.65.Final-windows-x86_64.jar;C:\Users\DELL\.m2\repository\io\projectreactor\netty\reactor-netty-http\1.0.45\reactor-netty-http-1.0.45.jar;C:\Users\DELL\.m2\repository\io\netty\netty-resolver-dns\4.1.109.Final\netty-resolver-dns-4.1.109.Final.jar;C:\Users\DELL\.m2\repository\io\netty\netty-codec-dns\4.1.109.Final\netty-codec-dns-4.1.109.Final.jar;C:\Users\DELL\.m2\repository\io\netty\netty-resolver-dns-native-macos\4.1.109.Final\netty-resolver-dns-native-macos-4.1.109.Final-osx-x86_64.jar;C:\Users\DELL\.m2\repository\io\netty\netty-resolver-dns-classes-macos\4.1.109.Final\netty-resolver-dns-classes-macos-4.1.109.Final.jar;C:\Users\DELL\.m2\repository\io\projectreactor\netty\reactor-netty-core\1.0.45\reactor-netty-core-1.0.45.jar;C:\Users\DELL\.m2\repository\io\netty\netty-common\4.1.110.Final\netty-common-4.1.110.Final.jar;C:\Users\DELL\.m2\repository\com\azure\azure-storage-internal-avro\12.13.0\azure-storage-internal-avro-12.13.0.jar;C:\Users\DELL\.m2\repository\com\azure\azure-xml\1.1.0\azure-xml-1.1.0.jar;C:\Users\DELL\.m2\repository\com\azure\azure-storage-common\12.28.0\azure-storage-common-12.28.0.jar;C:\Users\DELL\.m2\repository\com\azure\azure-identity\1.13.3\azure-identity-1.13.3.jar;C:\Users\DELL\.m2\repository\com\azure\azure-json\1.3.0\azure-json-1.3.0.jar;C:\Users\DELL\.m2\repository\com\microsoft\azure\msal4j\1.17.1\msal4j-1.17.1.jar;C:\Users\DELL\.m2\repository\com\nimbusds\oauth2-oidc-sdk\11.18\oauth2-oidc-sdk-11.18.jar;C:\Users\DELL\.m2\repository\com\github\stephenc\jcip\jcip-annotations\1.0-1\jcip-annotations-1.0-1.jar;C:\Users\DELL\.m2\repository\com\nimbusds\content-type\2.3\content-type-2.3.jar;C:\Users\DELL\.m2\repository\com\nimbusds\lang-tag\1.7\lang-tag-1.7.jar;C:\Users\DELL\.m2\repository\com\nimbusds\nimbus-jose-jwt\9.40\nimbus-jose-jwt-9.40.jar;C:\Users\DELL\.m2\repository\net\minidev\json-smart\2.5.0\json-smart-2.5.0.jar;C:\Users\DELL\.m2\repository\net\minidev\accessors-smart\2.5.0\accessors-smart-2.5.0.jar;C:\Users\DELL\.m2\repository\org\ow2\asm\asm\9.3\asm-9.3.jar;C:\Users\DELL\.m2\repository\com\microsoft\azure\msal4j-persistence-extension\1.3.0\msal4j-persistence-extension-1.3.0.jar;C:\Users\DELL\.m2\repository\net\java\dev\jna\jna-platform\5.6.0\jna-platform-5.6.0.jar;C:\Users\DELL\.m2\repository\software\amazon\awssdk\s3\2.29.39\s3-2.29.39.jar;C:\Users\DELL\.m2\repository\software\amazon\awssdk\aws-xml-protocol\2.29.39\aws-xml-protocol-2.29.39.jar;C:\Users\DELL\.m2\repository\software\amazon\awssdk\aws-query-protocol\2.29.39\aws-query-protocol-2.29.39.jar;C:\Users\DELL\.m2\repository\software\amazon\awssdk\protocol-core\2.29.39\protocol-core-2.29.39.jar;C:\Users\DELL\.m2\repository\software\amazon\awssdk\arns\2.29.39\arns-2.29.39.jar;C:\Users\DELL\.m2\repository\software\amazon\awssdk\profiles\2.29.39\profiles-2.29.39.jar;C:\Users\DELL\.m2\repository\software\amazon\awssdk\crt-core\2.29.39\crt-core-2.29.39.jar;C:\Users\DELL\.m2\repository\software\amazon\awssdk\http-auth\2.29.39\http-auth-2.29.39.jar;C:\Users\DELL\.m2\repository\software\amazon\awssdk\identity-spi\2.29.39\identity-spi-2.29.39.jar;C:\Users\DELL\.m2\repository\software\amazon\awssdk\http-auth-spi\2.29.39\http-auth-spi-2.29.39.jar;C:\Users\DELL\.m2\repository\org\reactivestreams\reactive-streams\1.0.4\reactive-streams-1.0.4.jar;C:\Users\DELL\.m2\repository\software\amazon\awssdk\http-auth-aws\2.29.39\http-auth-aws-2.29.39.jar;C:\Users\DELL\.m2\repository\software\amazon\awssdk\checksums\2.29.39\checksums-2.29.39.jar;C:\Users\DELL\.m2\repository\software\amazon\awssdk\checksums-spi\2.29.39\checksums-spi-2.29.39.jar;C:\Users\DELL\.m2\repository\software\amazon\awssdk\retries-spi\2.29.39\retries-spi-2.29.39.jar;C:\Users\DELL\.m2\repository\software\amazon\awssdk\sdk-core\2.29.39\sdk-core-2.29.39.jar;C:\Users\DELL\.m2\repository\software\amazon\awssdk\retries\2.29.39\retries-2.29.39.jar;C:\Users\DELL\.m2\repository\software\amazon\awssdk\auth\2.29.39\auth-2.29.39.jar;C:\Users\DELL\.m2\repository\software\amazon\awssdk\http-auth-aws-eventstream\2.29.39\http-auth-aws-eventstream-2.29.39.jar;C:\Users\DELL\.m2\repository\software\amazon\eventstream\eventstream\1.0.1\eventstream-1.0.1.jar;C:\Users\DELL\.m2\repository\software\amazon\awssdk\http-client-spi\2.29.39\http-client-spi-2.29.39.jar;C:\Users\DELL\.m2\repository\software\amazon\awssdk\regions\2.29.39\regions-2.29.39.jar;C:\Users\DELL\.m2\repository\software\amazon\awssdk\annotations\2.29.39\annotations-2.29.39.jar;C:\Users\DELL\.m2\repository\software\amazon\awssdk\utils\2.29.39\utils-2.29.39.jar;C:\Users\DELL\.m2\repository\software\amazon\awssdk\aws-core\2.29.39\aws-core-2.29.39.jar;C:\Users\DELL\.m2\repository\software\amazon\awssdk\metrics-spi\2.29.39\metrics-spi-2.29.39.jar;C:\Users\DELL\.m2\repository\software\amazon\awssdk\json-utils\2.29.39\json-utils-2.29.39.jar;C:\Users\DELL\.m2\repository\software\amazon\awssdk\third-party-jackson-core\2.29.39\third-party-jackson-core-2.29.39.jar;C:\Users\DELL\.m2\repository\software\amazon\awssdk\endpoints-spi\2.29.39\endpoints-spi-2.29.39.jar;C:\Users\DELL\.m2\repository\software\amazon\awssdk\netty-nio-client\2.29.39\netty-nio-client-2.29.39.jar;C:\Users\DELL\.m2\repository\io\netty\netty-transport\4.1.115.Final\netty-transport-4.1.115.Final.jar;C:\Users\DELL\.m2\repository\io\netty\netty-transport-classes-epoll\4.1.115.Final\netty-transport-classes-epoll-4.1.115.Final.jar;C:\Users\DELL\.m2\repository\io\netty\netty-resolver\4.1.115.Final\netty-resolver-4.1.115.Final.jar;C:\Users\DELL\.m2\repository\software\amazon\awssdk\apache-client\2.29.39\apache-client-2.29.39.jar;C:\Users\DELL\.m2\repository\org\apache\httpcomponents\httpclient\4.5.13\httpclient-4.5.13.jar;C:\Users\DELL\.m2\repository\commons-logging\commons-logging\1.2\commons-logging-1.2.jar;C:\Users\DELL\.m2\repository\org\apache\httpcomponents\httpcore\4.4.16\httpcore-4.4.16.jar;"/>
    <property name="sun.cpu.endian" value="little"/>
    <property name="user.home" value="C:\Users\DELL"/>
    <property name="user.language" value="en"/>
    <property name="java.specification.vendor" value="Oracle Corporation"/>
    <property name="java.version.date" value="2024-07-16"/>
    <property name="java.home" value="C:\Program Files\Java\jdk-17"/>
    <property name="file.separator" value="\"/>
    <property name="basedir" value="F:\SDET\OrangeHRM\orangehrm-automation"/>
    <property name="java.vm.compressedOopsMode" value="32-bit"/>
    <property name="line.separator" value="&#10;"/>
    <property name="java.vm.specification.vendor" value="Oracle Corporation"/>
    <property name="java.specification.name" value="Java Platform API Specification"/>
    <property name="surefire.real.class.path" value="C:\Users\DELL\AppData\Local\Temp\surefire8084796505210834211\surefirebooter-20250422223940393_3.jar"/>
    <property name="user.script" value=""/>
    <property name="sun.management.compiler" value="HotSpot 64-Bit Tiered Compilers"/>
    <property name="java.runtime.version" value="17.0.12+8-LTS-286"/>
    <property name="user.name" value="Charudatt"/>
    <property name="path.separator" value=";"/>
    <property name="os.version" value="10.0"/>
    <property name="java.runtime.name" value="Java(TM) SE Runtime Environment"/>
    <property name="file.encoding" value="Cp1252"/>
    <property name="java.vm.name" value="Java HotSpot(TM) 64-Bit Server VM"/>
    <property name="localRepository" value="C:\Users\DELL\.m2\repository"/>
    <property name="java.vendor.url.bug" value="https://bugreport.java.com/bugreport/"/>
    <property name="java.io.tmpdir" value="C:\Users\DELL\AppData\Local\Temp\"/>
    <property name="java.version" value="17.0.12"/>
    <property name="user.dir" value="F:\SDET\OrangeHRM\orangehrm-automation"/>
    <property name="os.arch" value="amd64"/>
    <property name="java.vm.specification.name" value="Java Virtual Machine Specification"/>
    <property name="sun.os.patch.level" value=""/>
    <property name="native.encoding" value="Cp1252"/>
    <property name="java.library.path" value="C:\Program Files\Java\jdk-17\bin;C:\WINDOWS\Sun\Java\bin;C:\WINDOWS\system32;C:\WINDOWS;C:\Program Files\Java\jdk-17\bin;C:\Program Files\Common Files\Oracle\Java\javapath;C:\WINDOWS\system32;C:\WINDOWS;C:\WINDOWS\System32\Wbem;C:\WINDOWS\System32\WindowsPowerShell\v1.0\;C:\WINDOWS\System32\OpenSSH\;C:\Program Files\Microsoft VS Code\bin;C:\Program Files\Maven\apache-maven-3.9.9\bin;C:\Program Files\Git\cmd;C:\Users\DELL\AppData\Local\Microsoft\WindowsApps;;."/>
    <property name="java.vm.info" value="mixed mode, sharing"/>
    <property name="java.vendor" value="Oracle Corporation"/>
    <property name="java.vm.version" value="17.0.12+8-LTS-286"/>
    <property name="sun.io.unicode.encoding" value="UnicodeLittle"/>
    <property name="java.class.version" value="61.0"/>
  </properties>
  <testcase name="verifyLoginWithValidCredentials" classname="tests.LoginPageTest" time="12.927">
    <system-out><![CDATA[[INFO ] 2025-04-22 22:39:52.197 [main] WebDriverManager - Using chromedriver 135.0.7049.95 (resolved driver for Chrome 135)
[INFO ] 2025-04-22 22:39:52.239 [main] WebDriverManager - Exporting webdriver.chrome.driver as C:\Users\DELL\.cache\selenium\chromedriver\win64\135.0.7049.95\chromedriver.exe
[INFO ] 2025-04-22 22:39:56.077 [main] BaseTest - Launching Chrome browser
[INFO ] 2025-04-22 22:40:08.974 [main] LoggerHelper - Element[[ChromeDriver: chrome on windows (7742cf4ca6ac27e304fdb1991b31683b)] -> xpath: //input[@placeholder='Username']]Present on UI is:	true
[INFO ] 2025-04-22 22:40:09.061 [main] LoggerHelper - Element[[ChromeDriver: chrome on windows (7742cf4ca6ac27e304fdb1991b31683b)] -> xpath: //input[@placeholder='Username']]Present on UI is:	true
[INFO ] 2025-04-22 22:40:09.402 [main] LoggerHelper - Entered Username : Admin
[INFO ] 2025-04-22 22:40:09.523 [main] LoggerHelper - Element[[ChromeDriver: chrome on windows (7742cf4ca6ac27e304fdb1991b31683b)] -> xpath: //input[@placeholder='Password']]Present on UI is:	true
[INFO ] 2025-04-22 22:40:09.618 [main] LoggerHelper - Element[[ChromeDriver: chrome on windows (7742cf4ca6ac27e304fdb1991b31683b)] -> xpath: //input[@placeholder='Password']]Present on UI is:	true
[INFO ] 2025-04-22 22:40:09.940 [main] LoggerHelper - Entered Password : admin123
[INFO ] 2025-04-22 22:40:10.143 [main] LoggerHelper - Element[[ChromeDriver: chrome on windows (7742cf4ca6ac27e304fdb1991b31683b)] -> xpath: //button[normalize-space()='Login']]Present on UI is:	true
[INFO ] 2025-04-22 22:40:10.235 [main] LoggerHelper - Element[[ChromeDriver: chrome on windows (7742cf4ca6ac27e304fdb1991b31683b)] -> xpath: //button[normalize-space()='Login']]Present on UI is:	true
[INFO ] 2025-04-22 22:40:10.546 [main] LoggerHelper - Clicked on the Login button
[INFO ] 2025-04-22 22:40:20.640 [main] LoggerHelper - Element[[ChromeDriver: chrome on windows (7742cf4ca6ac27e304fdb1991b31683b)] -> xpath: //h6[normalize-space()='Dashboard']]Present on UI is:	true
[INFO ] 2025-04-22 22:40:20.708 [main] LoggerHelper - PASS :User is able to login to the application
]]></system-out>
  </testcase>
  <testcase name="verifyLoginWithInValidCredentials" classname="tests.LoginPageTest" time="13.108">
    <system-out><![CDATA[[INFO ] 2025-04-22 22:40:22.269 [main] WebDriverManager - Using chromedriver 135.0.7049.95 (resolved driver for Chrome 135)
[INFO ] 2025-04-22 22:40:22.281 [main] WebDriverManager - Exporting webdriver.chrome.driver as C:\Users\DELL\.cache\selenium\chromedriver\win64\135.0.7049.95\chromedriver.exe
[INFO ] 2025-04-22 22:40:23.627 [main] BaseTest - Launching Chrome browser
[INFO ] 2025-04-22 22:40:31.356 [main] LoggerHelper - Element[[ChromeDriver: chrome on windows (4d7e35ee980debcdc0260e34964d4d54)] -> xpath: //input[@placeholder='Username']]Present on UI is:	true
[INFO ] 2025-04-22 22:40:31.615 [main] LoggerHelper - Element[[ChromeDriver: chrome on windows (4d7e35ee980debcdc0260e34964d4d54)] -> xpath: //input[@placeholder='Username']]Present on UI is:	true
[INFO ] 2025-04-22 22:40:31.953 [main] LoggerHelper - Entered Username : Invalid
[INFO ] 2025-04-22 22:40:32.032 [main] LoggerHelper - Element[[ChromeDriver: chrome on windows (4d7e35ee980debcdc0260e34964d4d54)] -> xpath: //input[@placeholder='Password']]Present on UI is:	true
[INFO ] 2025-04-22 22:40:32.139 [main] LoggerHelper - Element[[ChromeDriver: chrome on windows (4d7e35ee980debcdc0260e34964d4d54)] -> xpath: //input[@placeholder='Password']]Present on UI is:	true
[INFO ] 2025-04-22 22:40:32.546 [main] LoggerHelper - Entered Password : invalid@123
[INFO ] 2025-04-22 22:40:32.700 [main] LoggerHelper - Element[[ChromeDriver: chrome on windows (4d7e35ee980debcdc0260e34964d4d54)] -> xpath: //button[normalize-space()='Login']]Present on UI is:	true
[INFO ] 2025-04-22 22:40:32.785 [main] LoggerHelper - Element[[ChromeDriver: chrome on windows (4d7e35ee980debcdc0260e34964d4d54)] -> xpath: //button[normalize-space()='Login']]Present on UI is:	true
[INFO ] 2025-04-22 22:40:33.024 [main] LoggerHelper - Clicked on the Login button
[INFO ] 2025-04-22 22:40:43.200 [main] LoggerHelper - Element[[ChromeDriver: chrome on windows (4d7e35ee980debcdc0260e34964d4d54)] -> xpath: //p[@class='oxd-text oxd-text--p oxd-alert-content-text']]Present on UI is:	true
[INFO ] 2025-04-22 22:40:43.407 [main] LoggerHelper - PASS :User is not able to login with invalid credentials
]]></system-out>
  </testcase>
  <testcase name="verifyEmptyUsernamePassword" classname="tests.LoginPageTest" time="12.63">
    <system-out><![CDATA[[INFO ] 2025-04-22 22:40:48.218 [main] WebDriverManager - Using chromedriver 135.0.7049.95 (resolved driver for Chrome 135)
[INFO ] 2025-04-22 22:40:48.247 [main] WebDriverManager - Exporting webdriver.chrome.driver as C:\Users\DELL\.cache\selenium\chromedriver\win64\135.0.7049.95\chromedriver.exe
[INFO ] 2025-04-22 22:40:54.048 [main] BaseTest - Launching Chrome browser
[INFO ] 2025-04-22 22:40:59.725 [main] LoggerHelper - Element[[ChromeDriver: chrome on windows (7453e239cd8f28f98416375cf934e74a)] -> xpath: //input[@placeholder='Username']]Present on UI is:	true
[INFO ] 2025-04-22 22:41:00.263 [main] LoggerHelper - Element[[ChromeDriver: chrome on windows (7453e239cd8f28f98416375cf934e74a)] -> xpath: //input[@placeholder='Username']]Present on UI is:	true
[INFO ] 2025-04-22 22:41:00.395 [main] LoggerHelper - Entered Username : 
[INFO ] 2025-04-22 22:41:00.594 [main] LoggerHelper - Element[[ChromeDriver: chrome on windows (7453e239cd8f28f98416375cf934e74a)] -> xpath: //input[@placeholder='Password']]Present on UI is:	true
[INFO ] 2025-04-22 22:41:00.738 [main] LoggerHelper - Element[[ChromeDriver: chrome on windows (7453e239cd8f28f98416375cf934e74a)] -> xpath: //input[@placeholder='Password']]Present on UI is:	true
[INFO ] 2025-04-22 22:41:01.021 [main] LoggerHelper - Entered Password : 
[INFO ] 2025-04-22 22:41:01.164 [main] LoggerHelper - Element[[ChromeDriver: chrome on windows (7453e239cd8f28f98416375cf934e74a)] -> xpath: //button[normalize-space()='Login']]Present on UI is:	true
[INFO ] 2025-04-22 22:41:01.229 [main] LoggerHelper - Element[[ChromeDriver: chrome on windows (7453e239cd8f28f98416375cf934e74a)] -> xpath: //button[normalize-space()='Login']]Present on UI is:	true
[INFO ] 2025-04-22 22:41:01.629 [main] LoggerHelper - Clicked on the Login button
[INFO ] 2025-04-22 22:41:11.709 [main] LoggerHelper - Element[[ChromeDriver: chrome on windows (7453e239cd8f28f98416375cf934e74a)] -> xpath: //div[@class='orangehrm-login-slot-wrapper']//div[1]//div[1]//span[1]]Present on UI is:	true
[INFO ] 2025-04-22 22:41:11.741 [main] LoggerHelper - PASS :Showing error message on login with empty credentials
]]></system-out>
  </testcase>
  <testcase name="verifyForgotPasswordLink" classname="tests.LoginPageTest" time="4.73">
    <system-out><![CDATA[[INFO ] 2025-04-22 22:41:13.148 [main] WebDriverManager - Using chromedriver 135.0.7049.95 (resolved driver for Chrome 135)
[INFO ] 2025-04-22 22:41:13.171 [main] WebDriverManager - Exporting webdriver.chrome.driver as C:\Users\DELL\.cache\selenium\chromedriver\win64\135.0.7049.95\chromedriver.exe
[INFO ] 2025-04-22 22:41:16.044 [main] BaseTest - Launching Chrome browser
[INFO ] 2025-04-22 22:41:19.997 [main] LoggerHelper - Element[[ChromeDriver: chrome on windows (3caee3866fc2c943fc67899d6345faa8)] -> xpath: //p[@class='oxd-text oxd-text--p orangehrm-login-forgot-header']]Present on UI is:	true
[INFO ] 2025-04-22 22:41:20.056 [main] LoggerHelper - Element[[ChromeDriver: chrome on windows (3caee3866fc2c943fc67899d6345faa8)] -> xpath: //p[@class='oxd-text oxd-text--p orangehrm-login-forgot-header']]Present on UI is:	true
[INFO ] 2025-04-22 22:41:21.685 [main] LoggerHelper - Clicked on the Forgot Password link
[INFO ] 2025-04-22 22:41:23.807 [main] LoggerHelper - Element[[ChromeDriver: chrome on windows (3caee3866fc2c943fc67899d6345faa8)] -> xpath: //h6[normalize-space()='Reset Password']]Present on UI is:	true
[INFO ] 2025-04-22 22:41:23.847 [main] LoggerHelper - PASS :Forgot password link is functional
]]></system-out>
  </testcase>
  <testcase name="verifyLogout" classname="tests.LoginPageTest" time="15.089">
    <system-out><![CDATA[[INFO ] 2025-04-22 22:41:24.806 [main] WebDriverManager - Using chromedriver 135.0.7049.95 (resolved driver for Chrome 135)
[INFO ] 2025-04-22 22:41:24.823 [main] WebDriverManager - Exporting webdriver.chrome.driver as C:\Users\DELL\.cache\selenium\chromedriver\win64\135.0.7049.95\chromedriver.exe
[INFO ] 2025-04-22 22:41:26.056 [main] BaseTest - Launching Chrome browser
[INFO ] 2025-04-22 22:41:34.944 [main] LoggerHelper - Element[[ChromeDriver: chrome on windows (fec53353aa898c88e0c00d2abecfd37b)] -> xpath: //input[@placeholder='Username']]Present on UI is:	true
[INFO ] 2025-04-22 22:41:35.176 [main] LoggerHelper - Element[[ChromeDriver: chrome on windows (fec53353aa898c88e0c00d2abecfd37b)] -> xpath: //input[@placeholder='Username']]Present on UI is:	true
[INFO ] 2025-04-22 22:41:35.669 [main] LoggerHelper - Entered Username : Admin
[INFO ] 2025-04-22 22:41:35.774 [main] LoggerHelper - Element[[ChromeDriver: chrome on windows (fec53353aa898c88e0c00d2abecfd37b)] -> xpath: //input[@placeholder='Password']]Present on UI is:	true
[INFO ] 2025-04-22 22:41:35.932 [main] LoggerHelper - Element[[ChromeDriver: chrome on windows (fec53353aa898c88e0c00d2abecfd37b)] -> xpath: //input[@placeholder='Password']]Present on UI is:	true
[INFO ] 2025-04-22 22:41:36.151 [main] LoggerHelper - Entered Password : admin123
[INFO ] 2025-04-22 22:41:36.216 [main] LoggerHelper - Element[[ChromeDriver: chrome on windows (fec53353aa898c88e0c00d2abecfd37b)] -> xpath: //button[normalize-space()='Login']]Present on UI is:	true
[INFO ] 2025-04-22 22:41:36.261 [main] LoggerHelper - Element[[ChromeDriver: chrome on windows (fec53353aa898c88e0c00d2abecfd37b)] -> xpath: //button[normalize-space()='Login']]Present on UI is:	true
[INFO ] 2025-04-22 22:41:36.456 [main] LoggerHelper - Clicked on the Login button
[INFO ] 2025-04-22 22:41:46.522 [main] LoggerHelper - Element[[ChromeDriver: chrome on windows (fec53353aa898c88e0c00d2abecfd37b)] -> xpath: //span[@class='oxd-userdropdown-tab']]Present on UI is:	true
[INFO ] 2025-04-22 22:41:46.560 [main] LoggerHelper - Element[[ChromeDriver: chrome on windows (fec53353aa898c88e0c00d2abecfd37b)] -> xpath: //span[@class='oxd-userdropdown-tab']]Present on UI is:	true
[INFO ] 2025-04-22 22:41:46.692 [main] LoggerHelper - Clicked on the Actions dropdown
[INFO ] 2025-04-22 22:41:46.765 [main] LoggerHelper - Element[[ChromeDriver: chrome on windows (fec53353aa898c88e0c00d2abecfd37b)] -> xpath: //a[normalize-space()='Logout']]Present on UI is:	true
[INFO ] 2025-04-22 22:41:46.832 [main] LoggerHelper - Element[[ChromeDriver: chrome on windows (fec53353aa898c88e0c00d2abecfd37b)] -> xpath: //a[normalize-space()='Logout']]Present on UI is:	true
[INFO ] 2025-04-22 22:41:48.173 [main] LoggerHelper - Clicked on the Logout button
[INFO ] 2025-04-22 22:41:48.560 [main] LoggerHelper - Element[[ChromeDriver: chrome on windows (fec53353aa898c88e0c00d2abecfd37b)] -> xpath: //button[normalize-space()='Login']]Present on UI is:	true
[INFO ] 2025-04-22 22:41:48.604 [main] LoggerHelper - PASS :User is able to logout from the application
]]></system-out>
  </testcase>
</testsuite>